0 info it worked if it ends with ok
1 verbose cli [ '/usr/bin/node', '/usr/bin/npm', 'install' ]
2 info using npm@1.4.28
3 info using node@v0.10.36
4 verbose node symlink /usr/bin/node
5 verbose readDependencies using package.json deps
6 verbose install where, deps [ '/home/e_potemkin/work/github/baikal1',
6 verbose install   [ 'karma',
6 verbose install     'protractor',
6 verbose install     'http-server',
6 verbose install     'bower',
6 verbose install     'shelljs',
6 verbose install     'karma-junit-reporter' ] ]
7 info preinstall angular-seed@0.0.0
8 verbose readDependencies using package.json deps
9 verbose already installed skipping karma@~0.10 /home/e_potemkin/work/github/baikal1
10 verbose already installed skipping protractor@^1.1.1 /home/e_potemkin/work/github/baikal1
11 verbose already installed skipping http-server@^0.6.1 /home/e_potemkin/work/github/baikal1
12 verbose already installed skipping bower@^1.3.1 /home/e_potemkin/work/github/baikal1
13 verbose already installed skipping shelljs@^0.2.6 /home/e_potemkin/work/github/baikal1
14 verbose already installed skipping karma-junit-reporter@^0.2.2 /home/e_potemkin/work/github/baikal1
15 silly resolved []
16 info build /home/e_potemkin/work/github/baikal1
17 verbose linkStuff [ false, false, false, '/home/e_potemkin/work/github' ]
18 info linkStuff angular-seed@0.0.0
19 verbose linkBins angular-seed@0.0.0
20 verbose linkMans angular-seed@0.0.0
21 verbose rebuildBundles angular-seed@0.0.0
22 verbose rebuildBundles [ '.bin',
22 verbose rebuildBundles   'bower',
22 verbose rebuildBundles   'http-server',
22 verbose rebuildBundles   'karma',
22 verbose rebuildBundles   'karma-chrome-launcher',
22 verbose rebuildBundles   'karma-coffee-preprocessor',
22 verbose rebuildBundles   'karma-firefox-launcher',
22 verbose rebuildBundles   'karma-html2js-preprocessor',
22 verbose rebuildBundles   'karma-jasmine',
22 verbose rebuildBundles   'karma-junit-reporter',
22 verbose rebuildBundles   'karma-phantomjs-launcher',
22 verbose rebuildBundles   'karma-requirejs',
22 verbose rebuildBundles   'karma-script-launcher',
22 verbose rebuildBundles   'protractor',
22 verbose rebuildBundles   'requirejs',
22 verbose rebuildBundles   'shelljs' ]
23 verbose rebuild bundle /home/e_potemkin/work/github/baikal1/node_modules/karma-chrome-launcher
24 info build /home/e_potemkin/work/github/baikal1/node_modules/karma-chrome-launcher
25 info preinstall karma-chrome-launcher@0.1.12
26 verbose linkStuff [ false,
26 verbose linkStuff   false,
26 verbose linkStuff   false,
26 verbose linkStuff   '/home/e_potemkin/work/github/baikal1/node_modules' ]
27 info linkStuff karma-chrome-launcher@0.1.12
28 verbose linkBins karma-chrome-launcher@0.1.12
29 verbose linkMans karma-chrome-launcher@0.1.12
30 verbose rebuildBundles karma-chrome-launcher@0.1.12
31 verbose rebuildBundles [ '.bin', 'which' ]
32 info install karma-chrome-launcher@0.1.12
33 info postinstall karma-chrome-launcher@0.1.12
34 verbose rebuild bundle /home/e_potemkin/work/github/baikal1/node_modules/karma-coffee-preprocessor
35 info build /home/e_potemkin/work/github/baikal1/node_modules/karma-coffee-preprocessor
36 info preinstall karma-coffee-preprocessor@0.1.3
37 verbose linkStuff [ false,
37 verbose linkStuff   false,
37 verbose linkStuff   false,
37 verbose linkStuff   '/home/e_potemkin/work/github/baikal1/node_modules' ]
38 info linkStuff karma-coffee-preprocessor@0.1.3
39 verbose linkBins karma-coffee-preprocessor@0.1.3
40 verbose linkMans karma-coffee-preprocessor@0.1.3
41 verbose rebuildBundles karma-coffee-preprocessor@0.1.3
42 verbose rebuildBundles [ '.bin', 'coffee-script' ]
43 info install karma-coffee-preprocessor@0.1.3
44 info postinstall karma-coffee-preprocessor@0.1.3
45 verbose rebuild bundle /home/e_potemkin/work/github/baikal1/node_modules/karma-firefox-launcher
46 info build /home/e_potemkin/work/github/baikal1/node_modules/karma-firefox-launcher
47 info preinstall karma-firefox-launcher@0.1.6
48 verbose linkStuff [ false,
48 verbose linkStuff   false,
48 verbose linkStuff   false,
48 verbose linkStuff   '/home/e_potemkin/work/github/baikal1/node_modules' ]
49 info linkStuff karma-firefox-launcher@0.1.6
50 verbose linkBins karma-firefox-launcher@0.1.6
51 verbose linkMans karma-firefox-launcher@0.1.6
52 verbose rebuildBundles karma-firefox-launcher@0.1.6
53 info install karma-firefox-launcher@0.1.6
54 info postinstall karma-firefox-launcher@0.1.6
55 verbose rebuild bundle /home/e_potemkin/work/github/baikal1/node_modules/karma-html2js-preprocessor
56 info build /home/e_potemkin/work/github/baikal1/node_modules/karma-html2js-preprocessor
57 info preinstall karma-html2js-preprocessor@0.1.0
58 verbose linkStuff [ false,
58 verbose linkStuff   false,
58 verbose linkStuff   false,
58 verbose linkStuff   '/home/e_potemkin/work/github/baikal1/node_modules' ]
59 info linkStuff karma-html2js-preprocessor@0.1.0
60 verbose linkBins karma-html2js-preprocessor@0.1.0
61 verbose linkMans karma-html2js-preprocessor@0.1.0
62 verbose rebuildBundles karma-html2js-preprocessor@0.1.0
63 info install karma-html2js-preprocessor@0.1.0
64 info postinstall karma-html2js-preprocessor@0.1.0
65 verbose rebuild bundle /home/e_potemkin/work/github/baikal1/node_modules/karma-jasmine
66 info build /home/e_potemkin/work/github/baikal1/node_modules/karma-jasmine
67 info preinstall karma-jasmine@0.1.5
68 verbose linkStuff [ false,
68 verbose linkStuff   false,
68 verbose linkStuff   false,
68 verbose linkStuff   '/home/e_potemkin/work/github/baikal1/node_modules' ]
69 info linkStuff karma-jasmine@0.1.5
70 verbose linkBins karma-jasmine@0.1.5
71 verbose linkMans karma-jasmine@0.1.5
72 verbose rebuildBundles karma-jasmine@0.1.5
73 info install karma-jasmine@0.1.5
74 info postinstall karma-jasmine@0.1.5
75 verbose rebuild bundle /home/e_potemkin/work/github/baikal1/node_modules/karma-phantomjs-launcher
76 info build /home/e_potemkin/work/github/baikal1/node_modules/karma-phantomjs-launcher
77 info preinstall karma-phantomjs-launcher@0.1.4
78 verbose linkStuff [ false,
78 verbose linkStuff   false,
78 verbose linkStuff   false,
78 verbose linkStuff   '/home/e_potemkin/work/github/baikal1/node_modules' ]
79 info linkStuff karma-phantomjs-launcher@0.1.4
80 verbose linkBins karma-phantomjs-launcher@0.1.4
81 verbose linkMans karma-phantomjs-launcher@0.1.4
82 verbose rebuildBundles karma-phantomjs-launcher@0.1.4
83 verbose rebuildBundles [ '.bin', 'phantomjs' ]
84 info install karma-phantomjs-launcher@0.1.4
85 info postinstall karma-phantomjs-launcher@0.1.4
86 verbose rebuild bundle /home/e_potemkin/work/github/baikal1/node_modules/karma-requirejs
87 info build /home/e_potemkin/work/github/baikal1/node_modules/karma-requirejs
88 info preinstall karma-requirejs@0.2.2
89 verbose linkStuff [ false,
89 verbose linkStuff   false,
89 verbose linkStuff   false,
89 verbose linkStuff   '/home/e_potemkin/work/github/baikal1/node_modules' ]
90 info linkStuff karma-requirejs@0.2.2
91 verbose linkBins karma-requirejs@0.2.2
92 verbose linkMans karma-requirejs@0.2.2
93 verbose rebuildBundles karma-requirejs@0.2.2
94 info install karma-requirejs@0.2.2
95 info postinstall karma-requirejs@0.2.2
96 verbose rebuild bundle /home/e_potemkin/work/github/baikal1/node_modules/karma-script-launcher
97 info build /home/e_potemkin/work/github/baikal1/node_modules/karma-script-launcher
98 info preinstall karma-script-launcher@0.1.0
99 verbose linkStuff [ false,
99 verbose linkStuff   false,
99 verbose linkStuff   false,
99 verbose linkStuff   '/home/e_potemkin/work/github/baikal1/node_modules' ]
100 info linkStuff karma-script-launcher@0.1.0
101 verbose linkBins karma-script-launcher@0.1.0
102 verbose linkMans karma-script-launcher@0.1.0
103 verbose rebuildBundles karma-script-launcher@0.1.0
104 info install karma-script-launcher@0.1.0
105 info postinstall karma-script-launcher@0.1.0
106 verbose rebuild bundle /home/e_potemkin/work/github/baikal1/node_modules/requirejs
107 info build /home/e_potemkin/work/github/baikal1/node_modules/requirejs
108 info preinstall requirejs@2.1.17
109 verbose linkStuff [ false,
109 verbose linkStuff   false,
109 verbose linkStuff   false,
109 verbose linkStuff   '/home/e_potemkin/work/github/baikal1/node_modules' ]
110 info linkStuff requirejs@2.1.17
111 verbose linkBins requirejs@2.1.17
112 verbose link bins [ { 'r.js': './bin/r.js' },
112 verbose link bins   '/home/e_potemkin/work/github/baikal1/node_modules/.bin',
112 verbose link bins   false ]
113 verbose linkMans requirejs@2.1.17
114 verbose rebuildBundles requirejs@2.1.17
115 error Error: EACCES, unlink '/home/e_potemkin/work/github/baikal1/node_modules/.bin/r.js'
115 error  { [Error: EACCES, unlink '/home/e_potemkin/work/github/baikal1/node_modules/.bin/r.js']
115 error   errno: 3,
115 error   code: 'EACCES',
115 error   path: '/home/e_potemkin/work/github/baikal1/node_modules/.bin/r.js' }
116 error Please try running this command again as root/Administrator.
117 error System Linux 3.13.0-45-generic
118 error command "/usr/bin/node" "/usr/bin/npm" "install"
119 error cwd /home/e_potemkin/work/github/baikal1
120 error node -v v0.10.36
121 error npm -v 1.4.28
122 error path /home/e_potemkin/work/github/baikal1/node_modules/.bin/r.js
123 error code EACCES
124 error errno 3
125 error stack Error: EACCES, unlink '/home/e_potemkin/work/github/baikal1/node_modules/.bin/r.js'
126 verbose exit [ 3, true ]
